# project  configured on Sun Nov 27 23:26:52 2016 by
# waf 1.7.11 (abi 98, python 2070af0 on darwin)
# using /Users/victorbodell/Library/Application Support/Pebble SDK/SDKs/current/sdk-core/pebble/waf configure
#
----------------------------------------
Setting top to
/Users/victorbodell/terminal/git/minaUtgifterPebble
----------------------------------------
Setting out to
/Users/victorbodell/terminal/git/minaUtgifterPebble/build
----------------------------------------
Checking for program webpack
/Users/victorbodell/Library/Application Support/Pebble SDK/SDKs/current/node_modules/.bin/webpack
find program=['webpack'] paths=['/Users/victorbodell/Library/Application Support/Pebble SDK/SDKs/current/node_modules/.bin'] var='WEBPACK' -> '/Users/victorbodell/Library/Application Support/Pebble SDK/SDKs/current/node_modules/.bin/webpack'
----------------------------------------
Found Pebble SDK for aplite in:
/Users/victorbodell/Library/Application Support/Pebble SDK/SDKs/current/sdk-core/pebble/aplite
----------------------------------------
Checking for program gcc,cc
arm-none-eabi-gcc
find program=['gcc', 'cc'] paths='' var='CC' -> 'arm-none-eabi-gcc'
----------------------------------------
Checking for program ar
arm-none-eabi-ar
find program=['ar'] paths='' var='AR' -> 'arm-none-eabi-ar'
